<?xml version="1.0" encoding="UTF-8"?>
<testsuite name="uk.ewancroft.atpkt.gen.LexiconGeneratorTest" tests="1" skipped="0" failures="0" errors="0" timestamp="2026-05-26T21:12:28.971Z" hostname="macmini" time="0.159">
  <properties/>
  <testcase name="test generate kotlin class()" classname="uk.ewancroft.atpkt.gen.LexiconGeneratorTest" time="0.159"/>
  <system-out><![CDATA[package uk.ewancroft.atpkt.generated

import kotlin.String
import kotlinx.serialization.Serializable

@Serializable
public data class Test(
  public val message: String,
)

]]></system-out>
  <system-err><![CDATA[SLF4J(W): No SLF4J providers were found.
SLF4J(W): Defaulting to no-operation (NOP) logger implementation
SLF4J(W): See https://www.slf4j.org/codes.html#noProviders for further details.
]]></system-err>
</testsuite>
